Der Buildvorgang wurde am 24.02.2017 18:34:34 gestartet.
     1>Projekt "C:\Users\Oliver\Documents\Visual Studio 2015\Projects\C++\OLD stuff\DEFAULT Applications\SFMLGUI HELLOWORLD\GESFML\GESFML.vcxproj" auf Knoten "2", Build Ziel(e).
     1>ClCompile:
         D:\VirsualStudio2015\VC\bin\CL.exe /c /Zi /nologo /W3 /WX- /sdl /O2 /Oi /Oy- /GL /D WIN32 /D NDEBUG /D _LIB /D _UNICODE /D UNICODE /Gm- /EHsc /MD /GS /Gy /fp:precise /Zc:wchar_t /Zc:forScope /Zc:inline /Fo"Release\\" /Fd"Release\GESFML.pdb" /Gd /TP /analyze- /errorReport:prompt Box2DEntBatch.cpp Entity.cpp InputManager.cpp SpriteBatch.cpp Tools.cpp
         Box2DEntBatch.cpp
     1>Box2DEntBatch.cpp(31): warning C4244: "Argument": Konvertierung von "int" in "float32", möglicher Datenverlust
     1>Box2DEntBatch.cpp(38): warning C4244: "Argument": Konvertierung von "int" in "float32", möglicher Datenverlust
     1>Box2DEntBatch.cpp(46): warning C4244: "Argument": Konvertierung von "int" in "float", möglicher Datenverlust
     1>Box2DEntBatch.cpp(57): warning C4244: "Argument": Konvertierung von "unsigned int" in "float", möglicher Datenverlust
     1>Box2DEntBatch.cpp(58): warning C4244: "Argument": Konvertierung von "double" in "float", möglicher Datenverlust
         Entity.cpp
     1>Entity.cpp(22): warning C4244: "Argument": Konvertierung von "int" in "float", möglicher Datenverlust
     1>Entity.cpp(28): warning C4244: "Argument": Konvertierung von "int" in "float", möglicher Datenverlust
     1>Entity.cpp(30): warning C4244: "Argument": Konvertierung von "unsigned int" in "float", möglicher Datenverlust
     1>Entity.cpp(60): warning C4244: "Argument": Konvertierung von "double" in "float", möglicher Datenverlust
     1>Entity.cpp(74): warning C4244: "Argument": Konvertierung von "int" in "float32", möglicher Datenverlust
     1>Entity.cpp(107): warning C4244: "Argument": Konvertierung von "int" in "float", möglicher Datenverlust
     1>Entity.cpp(109): warning C4244: "Argument": Konvertierung von "unsigned int" in "float", möglicher Datenverlust
     1>Entity.cpp(117): warning C4244: "Argument": Konvertierung von "double" in "float", möglicher Datenverlust
         InputManager.cpp
         SpriteBatch.cpp
     1>SpriteBatch.cpp(22): warning C4244: "Argument": Konvertierung von "int" in "float", möglicher Datenverlust
     1>SpriteBatch.cpp(30): warning C4244: "Argument": Konvertierung von "int" in "float", möglicher Datenverlust
     1>SpriteBatch.cpp(79): warning C4244: "Argument": Konvertierung von "int" in "float", möglicher Datenverlust
     1>SpriteBatch.cpp(99): warning C4244: "Argument": Konvertierung von "float" in "int", möglicher Datenverlust
         Tools.cpp
       Lib:
         D:\VirsualStudio2015\VC\bin\Lib.exe /OUT:"C:\Users\Oliver\Documents\Visual Studio 2015\Projects\C++\OLD stuff\DEFAULT Applications\SFMLGUI HELLOWORLD\Release\GESFML.lib" "sfml-main.lib" "sfml-window.lib" "sfml-graphics.lib" "sfml-system.lib" Box2D.lib /NOLOGO /LTCG Release\Box2DEntBatch.obj
         Release\Entity.obj
         Release\InputManager.obj
         Release\SpriteBatch.obj
         Release\Tools.obj
     1>sfml-graphics.lib(sfml-graphics-2.dll) : warning LNK4006: __NULL_IMPORT_DESCRIPTOR ist bereits in "sfml-window.lib(sfml-window-2.dll)" definiert; zweite Definition wird ignoriert.
     1>sfml-system.lib(sfml-system-2.dll) : warning LNK4006: __NULL_IMPORT_DESCRIPTOR ist bereits in "sfml-window.lib(sfml-window-2.dll)" definiert; zweite Definition wird ignoriert.
         GESFML.vcxproj -> C:\Users\Oliver\Documents\Visual Studio 2015\Projects\C++\OLD stuff\DEFAULT Applications\SFMLGUI HELLOWORLD\Release\GESFML.lib
     1>Die Erstellung von Projekt "C:\Users\Oliver\Documents\Visual Studio 2015\Projects\C++\OLD stuff\DEFAULT Applications\SFMLGUI HELLOWORLD\GESFML\GESFML.vcxproj" ist abgeschlossen (Build Ziel(e)).

Der Buildvorgang wurde erfolgreich ausgeführt.

Verstrichene Zeit 00:00:03.09
