Der Buildvorgang wurde am 12.10.2016 16:17:48 gestartet.
     1>Projekt "C:\Users\Oliver\Documents\Visual Studio 2015\Projects\C++\OLD stuff\DEFAULT Applications\MazeGenerator\MazeGenerator\MazeGenerator.vcxproj" auf Knoten "2", Build Ziel(e).
     1>ClCompile:
         D:\VirsualStudio2015\VC\bin\CL.exe /c /Zi /nologo /W3 /WX- /sdl /O2 /Oi /Oy- /GL /D _MBCS /Gm- /EHsc /MD /GS /Gy /fp:precise /Zc:wchar_t /Zc:forScope /Zc:inline /Fo"Release\\" /Fd"Release\vc140.pdb" /Gd /TP /analyze- /errorReport:prompt Game.cpp main.cpp
         Game.cpp
     1>Game.cpp(84): warning C4244: "Argument": Konvertierung von "int" in "float", möglicher Datenverlust
     1>Game.cpp(85): warning C4244: "Argument": Konvertierung von "int" in "float", möglicher Datenverlust
     1>Game.cpp(221): warning C4244: "Argument": Konvertierung von "int" in "float", möglicher Datenverlust
     1>Game.cpp(222): warning C4244: "Argument": Konvertierung von "int" in "float", möglicher Datenverlust
         main.cpp
       Link:
         D:\VirsualStudio2015\VC\bin\link.exe /ERRORREPORT:PROMPT /OUT:"C:\Users\Oliver\Documents\Visual Studio 2015\Projects\C++\OLD stuff\DEFAULT Applications\MazeGenerator\Release\MazeGenerator.exe" /NOLOGO "sfml-main.lib" "sfml-system.lib" "sfml-graphics.lib" "sfml-window.lib" GESFML.lib Box2D.lib kernel32.lib user32.lib gdi32.lib winspool.lib comdlg32.lib advapi32.lib shell32.lib ole32.lib oleaut32.lib uuid.lib odbc32.lib odbccp32.lib /MANIFEST /MANIFESTUAC:"level='asInvoker' uiAccess='false'" /manifest:embed /Debug /PDB:"C:\Users\Oliver\Documents\Visual Studio 2015\Projects\C++\OLD stuff\DEFAULT Applications\MazeGenerator\Release\MazeGenerator.pdb" /OPT:REF /OPT:ICF /LTCG:incremental /TLBID:1 /DYNAMICBASE /NXCOMPAT /IMPLIB:"C:\Users\Oliver\Documents\Visual Studio 2015\Projects\C++\OLD stuff\DEFAULT Applications\MazeGenerator\Release\MazeGenerator.lib" /MACHINE:X86 /SAFESEH Release\Game.obj
         Release\main.obj
         Code wird generiert.
         544 of 545 functions (99.8%) were compiled, the rest were copied from previous compilation.
           0 functions were new in current compilation
           0 functions had inline decision re-evaluated but remain unchanged
         Codegenerierung ist abgeschlossen.
         MazeGenerator.vcxproj -> C:\Users\Oliver\Documents\Visual Studio 2015\Projects\C++\OLD stuff\DEFAULT Applications\MazeGenerator\Release\MazeGenerator.exe
     1>Die Erstellung von Projekt "C:\Users\Oliver\Documents\Visual Studio 2015\Projects\C++\OLD stuff\DEFAULT Applications\MazeGenerator\MazeGenerator\MazeGenerator.vcxproj" ist abgeschlossen (Build Ziel(e)).

Der Buildvorgang wurde erfolgreich ausgeführt.

Verstrichene Zeit 00:00:01.86
