Der Buildvorgang wurde am 12.10.2016 16:13:37 gestartet.
     1>Projekt "C:\Users\Oliver\Documents\Visual Studio 2015\Projects\C++\OLD stuff\DEFAULT Applications\You only live once\You only live once\You only live once.vcxproj" auf Knoten "2", Build Ziel(e).
     1>ClCompile:
         D:\VirsualStudio2015\VC\bin\CL.exe /c /Zi /nologo /W3 /WX- /sdl /O2 /Oi /Oy- /GL /D _MBCS /Gm- /EHsc /MD /GS /Gy /fp:precise /Zc:wchar_t /Zc:forScope /Zc:inline /Fo"Release\\" /Fd"Release\vc140.pdb" /Gd /TP /analyze- /errorReport:prompt Game.cpp Main.cpp
         Game.cpp
     1>Game.cpp(25): warning C4244: "Argument": Konvertierung von "int" in "float", möglicher Datenverlust
     1>Game.cpp(26): warning C4244: "Argument": Konvertierung von "int" in "float", möglicher Datenverlust
     1>Game.cpp(37): warning C4244: "Argument": Konvertierung von "int" in "float", möglicher Datenverlust
     1>Game.cpp(41): warning C4244: "Argument": Konvertierung von "int" in "float", möglicher Datenverlust
     1>Game.cpp(45): warning C4244: "Argument": Konvertierung von "int" in "float", möglicher Datenverlust
     1>Game.cpp(46): warning C4244: "Argument": Konvertierung von "int" in "float", möglicher Datenverlust
     1>Game.cpp(47): warning C4244: "Argument": Konvertierung von "int" in "float", möglicher Datenverlust
     1>Game.cpp(48): warning C4244: "Argument": Konvertierung von "int" in "float", möglicher Datenverlust
     1>Game.cpp(72): warning C4244: "Argument": Konvertierung von "int" in "float", möglicher Datenverlust
     1>Game.cpp(73): warning C4244: "Argument": Konvertierung von "int" in "float", möglicher Datenverlust
         Main.cpp
       Link:
         D:\VirsualStudio2015\VC\bin\link.exe /ERRORREPORT:PROMPT /OUT:"C:\Users\Oliver\Documents\Visual Studio 2015\Projects\C++\OLD stuff\DEFAULT Applications\You only live once\Release\You only live once.exe" /NOLOGO "sfml-main.lib" "sfml-audio.lib" "sfml-system.lib" "sfml-window.lib" "sfml-graphics.lib" Box2d.lib openal32.lib SFMLGameEngine2.0.lib kernel32.lib user32.lib gdi32.lib winspool.lib comdlg32.lib advapi32.lib shell32.lib ole32.lib oleaut32.lib uuid.lib odbc32.lib odbccp32.lib /MANIFEST /MANIFESTUAC:"level='asInvoker' uiAccess='false'" /manifest:embed /Debug /PDB:"C:\Users\Oliver\Documents\Visual Studio 2015\Projects\C++\OLD stuff\DEFAULT Applications\You only live once\Release\You only live once.pdb" /OPT:REF /OPT:ICF /LTCG:incremental /TLBID:1 /DYNAMICBASE /NXCOMPAT /IMPLIB:"C:\Users\Oliver\Documents\Visual Studio 2015\Projects\C++\OLD stuff\DEFAULT Applications\You only live once\Release\You only live once.lib" /MACHINE:X86 /SAFESEH Release\Game.obj
         Release\Main.obj
         Code wird generiert.
     1>c:\users\oliver\documents\visual studio 2015\projects\c++\old stuff\default applications\you only live once\sfmlgameengine2.0\spritebatch.cpp(1814): warning C4715: 
     1>c:\users\oliver\documents\visual studio 2015\projects\c++\old stuff\default applications\you only live once\sfmlgameengine2.0\spritebatch.cpp(1766): warning C4715: "GESFML::SpriteBatch::getPhysicSpriteTexture": Nicht alle Steuerelementpfade geben einen Wert zurück.
     1>c:\users\oliver\documents\visual studio 2015\projects\c++\old stuff\default applications\you only live once\sfmlgameengine2.0\spritebatch.cpp(2517): warning C4715: "GESFML::SpriteBatch::getPhysicSpriteVelocity": Nicht alle Steuerelementpfade geben einen Wert zurück.
     1>c:\users\oliver\documents\visual studio 2015\projects\c++\old stuff\default applications\you only live once\sfmlgameengine2.0\spritebatch.cpp(1774): warning C4715: "GESFML::SpriteBatch::getPhysicSpriteBody": Nicht alle Steuerelementpfade geben einen Wert zurück.
         3609 of 3609 functions (100.0%) were compiled, the rest were copied from previous compilation.
           0 functions were new in current compilation
           0 functions had inline decision re-evaluated but remain unchanged
         Codegenerierung ist abgeschlossen.
         You only live once.vcxproj -> C:\Users\Oliver\Documents\Visual Studio 2015\Projects\C++\OLD stuff\DEFAULT Applications\You only live once\Release\You only live once.exe
     1>Die Erstellung von Projekt "C:\Users\Oliver\Documents\Visual Studio 2015\Projects\C++\OLD stuff\DEFAULT Applications\You only live once\You only live once\You only live once.vcxproj" ist abgeschlossen (Build Ziel(e)).

Der Buildvorgang wurde erfolgreich ausgeführt.

Verstrichene Zeit 00:00:03.73
