Der Buildvorgang wurde am 01.12.2015 23:11:48 gestartet.
     1>Projekt "C:\Users\Oliver\Documents\Visual Studio 2015\Projects\C++\ZombieGame\ZombieGame\ZombieGame.vcxproj" auf Knoten "2", Build Ziel(e).
     1>ClCompile:
         D:\VirsualStudio2015\VC\bin\CL.exe /c /ZI /nologo /W3 /WX- /sdl /Od /Oy- /D _MBCS /Gm /EHsc /RTC1 /MDd /GS /fp:precise /Zc:wchar_t /Zc:forScope /Zc:inline /Fo"Debug\\" /Fd"Debug\vc140.pdb" /Gd /TP /analyze- /errorReport:prompt Bullet.cpp Level.cpp
         Level.cpp
     1>c:\users\oliver\documents\visual studio 2015\projects\c++\zombiegame\zombiegame\level.cpp(42): warning C4018: "<": Konflikt zwischen "signed" und "unsigned"
     1>c:\users\oliver\documents\visual studio 2015\projects\c++\zombiegame\zombiegame\level.cpp(43): warning C4018: "<": Konflikt zwischen "signed" und "unsigned"
     1>c:\users\oliver\documents\visual studio 2015\projects\c++\zombiegame\zombiegame\level.cpp(76): warning C4244: "=": Konvertierung von "int" in "float", möglicher Datenverlust
     1>c:\users\oliver\documents\visual studio 2015\projects\c++\zombiegame\zombiegame\level.cpp(77): warning C4244: "=": Konvertierung von "int" in "float", möglicher Datenverlust
         Bullet.cpp
     1>c:\users\oliver\documents\visual studio 2015\projects\c++\zombiegame\zombiegame\bullet.cpp(63): warning C4244: "=": Konvertierung von "float" in "int", möglicher Datenverlust
     1>c:\users\oliver\documents\visual studio 2015\projects\c++\zombiegame\zombiegame\bullet.cpp(64): warning C4244: "=": Konvertierung von "float" in "int", möglicher Datenverlust
     1>c:\users\oliver\documents\visual studio 2015\projects\c++\zombiegame\zombiegame\bullet.cpp(67): warning C4018: ">=": Konflikt zwischen "signed" und "unsigned"
     1>c:\users\oliver\documents\visual studio 2015\projects\c++\zombiegame\zombiegame\bullet.cpp(68): warning C4018: ">=": Konflikt zwischen "signed" und "unsigned"
         Code wird generiert...
       Link:
         D:\VirsualStudio2015\VC\bin\link.exe /ERRORREPORT:PROMPT /OUT:"C:\Users\Oliver\Documents\Visual Studio 2015\Projects\C++\ZombieGame\Debug\ZombieGame.exe" /INCREMENTAL /NOLOGO SDL2.lib SDL2main.lib SDL2test.lib glew32.lib glew32s.lib opengl32.lib GE2D.lib kernel32.lib user32.lib gdi32.lib winspool.lib comdlg32.lib advapi32.lib shell32.lib ole32.lib oleaut32.lib uuid.lib odbc32.lib odbccp32.lib /MANIFEST /MANIFESTUAC:"level='asInvoker' uiAccess='false'" /manifest:embed /Debug /PDB:"C:\Users\Oliver\Documents\Visual Studio 2015\Projects\C++\ZombieGame\Debug\ZombieGame.pdb" /SUBSYSTEM:CONSOLE /TLBID:1 /DYNAMICBASE /NXCOMPAT /IMPLIB:"C:\Users\Oliver\Documents\Visual Studio 2015\Projects\C++\ZombieGame\Debug\ZombieGame.lib" /MACHINE:X86 Debug\Agent.obj
         Debug\Bullet.obj
         Debug\Gun.obj
         Debug\Human.obj
         Debug\Level.obj
         Debug\main.obj
         Debug\MainGame.obj
         Debug\Player.obj
         Debug\Zombie.obj
         ZombieGame.vcxproj -> C:\Users\Oliver\Documents\Visual Studio 2015\Projects\C++\ZombieGame\Debug\ZombieGame.exe
     1>Die Erstellung von Projekt "C:\Users\Oliver\Documents\Visual Studio 2015\Projects\C++\ZombieGame\ZombieGame\ZombieGame.vcxproj" ist abgeschlossen (Build Ziel(e)).

Der Buildvorgang wurde erfolgreich ausgeführt.

Verstrichene Zeit 00:00:01.51
