Der Buildvorgang wurde am 24.02.2017 18:34:37 gestartet.
     1>Projekt "C:\Users\Oliver\Documents\Visual Studio 2015\Projects\C++\OLD stuff\DEFAULT Applications\SFMLGUI HELLOWORLD\SFMLGUI HELLOWORLD\SFMLGUI HELLOWORLD.vcxproj" auf Knoten "2", Build Ziel(e).
     1>ClCompile:
         D:\VirsualStudio2015\VC\bin\CL.exe /c /Zi /nologo /W3 /WX- /sdl /O2 /Oi /Oy- /GL /D _MBCS /Gm- /EHsc /MD /GS /Gy /fp:precise /Zc:wchar_t /Zc:forScope /Zc:inline /Fo"Release\\" /Fd"Release\vc140.pdb" /Gd /TP /analyze- /errorReport:prompt Game.cpp Main.cpp
         Game.cpp
     1>Game.cpp(33): warning C4244: "Argument": Konvertierung von "int" in "float", möglicher Datenverlust
     1>Game.cpp(123): warning C4244: "Argument": Konvertierung von "int" in "float", möglicher Datenverlust
         Main.cpp
       Link:
         D:\VirsualStudio2015\VC\bin\link.exe /ERRORREPORT:PROMPT /OUT:"C:\Users\Oliver\Documents\Visual Studio 2015\Projects\C++\OLD stuff\DEFAULT Applications\SFMLGUI HELLOWORLD\Release\SFMLGUI HELLOWORLD.exe" /NOLOGO "sfml-main.lib" "sfml-audio.lib" "sfml-system.lib" "sfml-graphics.lib" "sfml-window.lib" Box2D.lib sfgui.lib opengl32.lib GESFML.lib kernel32.lib user32.lib gdi32.lib winspool.lib comdlg32.lib advapi32.lib shell32.lib ole32.lib oleaut32.lib uuid.lib odbc32.lib odbccp32.lib /MANIFEST /MANIFESTUAC:"level='asInvoker' uiAccess='false'" /manifest:embed /Debug /PDB:"C:\Users\Oliver\Documents\Visual Studio 2015\Projects\C++\OLD stuff\DEFAULT Applications\SFMLGUI HELLOWORLD\Release\SFMLGUI HELLOWORLD.pdb" /OPT:REF /OPT:ICF /LTCG:incremental /TLBID:1 /DYNAMICBASE /NXCOMPAT /IMPLIB:"C:\Users\Oliver\Documents\Visual Studio 2015\Projects\C++\OLD stuff\DEFAULT Applications\SFMLGUI HELLOWORLD\Release\SFMLGUI HELLOWORLD.lib" /MACHINE:X86 /SAFESEH Release\Game.obj
         Release\Main.obj
         Code wird generiert.
         885 of 888 functions (99.7%) were compiled, the rest were copied from previous compilation.
           0 functions were new in current compilation
           0 functions had inline decision re-evaluated but remain unchanged
         Codegenerierung ist abgeschlossen.
         SFMLGUI HELLOWORLD.vcxproj -> C:\Users\Oliver\Documents\Visual Studio 2015\Projects\C++\OLD stuff\DEFAULT Applications\SFMLGUI HELLOWORLD\Release\SFMLGUI HELLOWORLD.exe
     1>Die Erstellung von Projekt "C:\Users\Oliver\Documents\Visual Studio 2015\Projects\C++\OLD stuff\DEFAULT Applications\SFMLGUI HELLOWORLD\SFMLGUI HELLOWORLD\SFMLGUI HELLOWORLD.vcxproj" ist abgeschlossen (Build Ziel(e)).

Der Buildvorgang wurde erfolgreich ausgeführt.

Verstrichene Zeit 00:00:02.87
