Der Buildvorgang wurde am 12.10.2016 16:18:29 gestartet.
     1>Projekt "C:\Users\Oliver\Documents\Visual Studio 2015\Projects\C++\OLD stuff\DEFAULT Applications\Neural Network\Neural Network\Neural Network.vcxproj" auf Knoten "2", Build Ziel(e).
     1>ClCompile:
         D:\VirsualStudio2015\VC\bin\CL.exe /c /Zi /nologo /W3 /WX- /sdl /O2 /Oi /Oy- /GL /D _MBCS /Gm- /EHsc /MD /GS /Gy /fp:precise /Zc:wchar_t /Zc:forScope /Zc:inline /Fo"Release\\" /Fd"Release\vc140.pdb" /Gd /TP /analyze- /errorReport:prompt Game.cpp Main.cpp World.cpp
         Game.cpp
     1>Game.cpp(29): warning C4244: "Argument": Konvertierung von "int" in "float", möglicher Datenverlust
     1>Game.cpp(30): warning C4244: "Argument": Konvertierung von "int" in "float", möglicher Datenverlust
         Main.cpp
         World.cpp
     1>World.cpp(41): warning C4244: "Argument": Konvertierung von "int" in "float", möglicher Datenverlust
     1>World.cpp(46): warning C4244: "Argument": Konvertierung von "int" in "float", möglicher Datenverlust
     1>World.cpp(54): warning C4244: "Argument": Konvertierung von "int" in "float", möglicher Datenverlust
       Link:
         D:\VirsualStudio2015\VC\bin\link.exe /ERRORREPORT:PROMPT /OUT:"C:\Users\Oliver\Documents\Visual Studio 2015\Projects\C++\OLD stuff\DEFAULT Applications\Neural Network\Release\Neural Network.exe" /NOLOGO "sfml-main.lib" "sfml-window.lib" "sfml-graphics.lib" "sfml-system.lib" GESFML.lib Box2D.lib kernel32.lib user32.lib gdi32.lib winspool.lib comdlg32.lib advapi32.lib shell32.lib ole32.lib oleaut32.lib uuid.lib odbc32.lib odbccp32.lib /MANIFEST /MANIFESTUAC:"level='asInvoker' uiAccess='false'" /manifest:embed /Debug /PDB:"C:\Users\Oliver\Documents\Visual Studio 2015\Projects\C++\OLD stuff\DEFAULT Applications\Neural Network\Release\Neural Network.pdb" /OPT:REF /OPT:ICF /LTCG:incremental /TLBID:1 /DYNAMICBASE /NXCOMPAT /IMPLIB:"C:\Users\Oliver\Documents\Visual Studio 2015\Projects\C++\OLD stuff\DEFAULT Applications\Neural Network\Release\Neural Network.lib" /MACHINE:X86 /SAFESEH Release\Game.obj
         Release\Main.obj
         Release\World.obj
         Code wird generiert.
         756 of 759 functions (99.6%) were compiled, the rest were copied from previous compilation.
           0 functions were new in current compilation
           0 functions had inline decision re-evaluated but remain unchanged
         Codegenerierung ist abgeschlossen.
         Neural Network.vcxproj -> C:\Users\Oliver\Documents\Visual Studio 2015\Projects\C++\OLD stuff\DEFAULT Applications\Neural Network\Release\Neural Network.exe
     1>Die Erstellung von Projekt "C:\Users\Oliver\Documents\Visual Studio 2015\Projects\C++\OLD stuff\DEFAULT Applications\Neural Network\Neural Network\Neural Network.vcxproj" ist abgeschlossen (Build Ziel(e)).

Der Buildvorgang wurde erfolgreich ausgeführt.

Verstrichene Zeit 00:00:02.28
