Der Buildvorgang wurde am 25.11.2015 21:50:48 gestartet.
     1>Projekt "C:\Users\Oliver\Documents\Visual Studio 2015\Projects\C++\2dGameEngine\GE2D\GE2D.vcxproj" auf Knoten "2", Build Ziel(e).
     1>ClCompile:
         D:\VirsualStudio2015\VC\bin\CL.exe /c /ZI /nologo /W3 /WX- /sdl /Od /Oy- /D WIN32 /D _DEBUG /D _LIB /D _UNICODE /D UNICODE /Gm /EHsc /RTC1 /MDd /GS /fp:precise /Zc:wchar_t /Zc:forScope /Zc:inline /Fo"Debug\\" /Fd"Debug\GE2D.pdb" /Gd /TP /analyze- /errorReport:prompt Camera2D.cpp
         Camera2D.cpp
       Lib:
         D:\VirsualStudio2015\VC\bin\Lib.exe /OUT:"C:\Users\Oliver\Documents\Visual Studio 2015\Projects\C++\2dGameEngine\Debug\GE2D.lib" /NOLOGO Debug\Camera2D.obj
         Debug\Errors.obj
         Debug\GE2D.obj
         Debug\GLSLProgram.obj
         Debug\ImageLoader.obj
         Debug\InputManager.obj
         Debug\IOManager.obj
         Debug\picoPNG.obj
         Debug\ResourceManager.obj
         Debug\Sprite.obj
         Debug\SpriteBatch.obj
         Debug\TextureCache.obj
         Debug\Timing.obj
         Debug\Window.obj
         GE2D.vcxproj -> C:\Users\Oliver\Documents\Visual Studio 2015\Projects\C++\2dGameEngine\Debug\GE2D.lib
     1>Die Erstellung von Projekt "C:\Users\Oliver\Documents\Visual Studio 2015\Projects\C++\2dGameEngine\GE2D\GE2D.vcxproj" ist abgeschlossen (Build Ziel(e)).

Der Buildvorgang wurde erfolgreich ausgeführt.

Verstrichene Zeit 00:00:00.43
