Der Buildvorgang wurde am 12.10.2016 16:15:14 gestartet.
     1>Projekt "C:\Users\Oliver\Documents\Visual Studio 2015\Projects\C++\OLD stuff\DEFAULT Applications\2DMinecraft\2DMinecraft\2DMinecraft.vcxproj" auf Knoten "2", Build Ziel(e).
     1>ClCompile:
         D:\VirsualStudio2015\VC\bin\CL.exe /c /Zi /nologo /W3 /WX- /sdl /O2 /Oi /Oy- /GL /D _MBCS /Gm- /EHsc /MD /GS /Gy /fp:precise /Zc:wchar_t /Zc:forScope /Zc:inline /Fo"Release\\" /Fd"Release\vc140.pdb" /Gd /TP /analyze- /errorReport:prompt Block.cpp Chunk.cpp Game.cpp main.cpp Player.cpp
         Block.cpp
     1>Block.cpp(12): warning C4244: "Argument": Konvertierung von "unsigned int" in "float", möglicher Datenverlust
     1>Block.cpp(14): warning C4244: "Argument": Konvertierung von "const int" in "float", möglicher Datenverlust
     1>Block.cpp(15): warning C4244: "Argument": Konvertierung von "unsigned int" in "float", möglicher Datenverlust
     1>Block.cpp(36): warning C4244: "Argument": Konvertierung von "unsigned int" in "float", möglicher Datenverlust
     1>Block.cpp(38): warning C4244: "Argument": Konvertierung von "const int" in "float", möglicher Datenverlust
         Chunk.cpp
     1>Chunk.cpp(24): warning C4244: "=": Konvertierung von "int" in "float", möglicher Datenverlust
     1>Chunk.cpp(25): warning C4244: "=": Konvertierung von "int" in "float", möglicher Datenverlust
     1>Chunk.cpp(26): warning C4244: "=": Konvertierung von "int" in "float", möglicher Datenverlust
     1>Chunk.cpp(27): warning C4244: "=": Konvertierung von "int" in "float", möglicher Datenverlust
     1>Chunk.cpp(50): warning C4244: "Argument": Konvertierung von "time_t" in "unsigned int", möglicher Datenverlust
     1>Chunk.cpp(62): warning C4244: "Argument": Konvertierung von "time_t" in "unsigned int", möglicher Datenverlust
     1>Chunk.cpp(82): warning C4554: "&": Prüfen Sie Operatorrangfolge auf mögliche Fehler; verwenden Sie runde Klammern, um den Vorrang zu verdeutlichen
     1>Chunk.cpp(140): warning C4244: "Argument": Konvertierung von "time_t" in "unsigned int", möglicher Datenverlust
     1>Chunk.cpp(158): warning C4244: "Argument": Konvertierung von "int" in "float", möglicher Datenverlust
     1>Chunk.cpp(193): warning C4244: "Argument": Konvertierung von "int" in "float", möglicher Datenverlust
     1>Chunk.cpp(217): warning C4244: "Argument": Konvertierung von "int" in "float", möglicher Datenverlust
     1>Chunk.cpp(228): warning C4554: "&": Prüfen Sie Operatorrangfolge auf mögliche Fehler; verwenden Sie runde Klammern, um den Vorrang zu verdeutlichen
     1>Chunk.cpp(229): warning C4244: "=": Konvertierung von "const unsigned __int64" in "int", möglicher Datenverlust
     1>Chunk.cpp(240): warning C4554: "&": Prüfen Sie Operatorrangfolge auf mögliche Fehler; verwenden Sie runde Klammern, um den Vorrang zu verdeutlichen
     1>Chunk.cpp(241): warning C4554: "&": Prüfen Sie Operatorrangfolge auf mögliche Fehler; verwenden Sie runde Klammern, um den Vorrang zu verdeutlichen
         Game.cpp
     1>Game.cpp(41): warning C4244: "Argument": Konvertierung von "int" in "float", möglicher Datenverlust
     1>Game.cpp(42): warning C4244: "Argument": Konvertierung von "int" in "float", möglicher Datenverlust
     1>Game.cpp(43): warning C4305: "Argument": Verkürzung von "double" in "float"
     1>Game.cpp(179): warning C4305: "Argument": Verkürzung von "double" in "float"
     1>Game.cpp(216): warning C4244: "Argument": Konvertierung von "double" in "unsigned int", möglicher Datenverlust
     1>Game.cpp(218): warning C4244: "Argument": Konvertierung von "int" in "float", möglicher Datenverlust
     1>Game.cpp(330): warning C4244: "Argument": Konvertierung von "__int64" in "int", möglicher Datenverlust
     1>Game.cpp(330): warning C4244: "Argument": Konvertierung von "float" in "int", möglicher Datenverlust
     1>Game.cpp(336): warning C4244: "Argument": Konvertierung von "float" in "int", möglicher Datenverlust
     1>Game.cpp(343): warning C4244: "Argument": Konvertierung von "float" in "int", möglicher Datenverlust
     1>Game.cpp(364): warning C4244: "Argument": Konvertierung von "float" in "int", möglicher Datenverlust
     1>Game.cpp(377): warning C4244: "Argument": Konvertierung von "int" in "float", möglicher Datenverlust
     1>Game.cpp(386): warning C4244: "Argument": Konvertierung von "double" in "float", möglicher Datenverlust
     1>Game.cpp(404): warning C4305: "Argument": Verkürzung von "double" in "float"
     1>Game.cpp(412): warning C4244: "Argument": Konvertierung von "float" in "int", möglicher Datenverlust
     1>Game.cpp(415): warning C4244: "Argument": Konvertierung von "double" in "float32", möglicher Datenverlust
     1>Game.cpp(425): warning C4305: "Argument": Verkürzung von "double" in "float"
     1>Game.cpp(433): warning C4244: "Argument": Konvertierung von "float" in "int", möglicher Datenverlust
     1>Game.cpp(436): warning C4244: "Argument": Konvertierung von "double" in "float32", möglicher Datenverlust
     1>Game.cpp(444): warning C4305: "Argument": Verkürzung von "double" in "float"
     1>Game.cpp(453): warning C4244: "Argument": Konvertierung von "float" in "int", möglicher Datenverlust
     1>Game.cpp(477): warning C4244: "Argument": Konvertierung von "float" in "int", möglicher Datenverlust
     1>Game.cpp(496): warning C4244: "Argument": Konvertierung von "__int64" in "int", möglicher Datenverlust
     1>Game.cpp(501): warning C4244: "Argument": Konvertierung von "__int64" in "int", möglicher Datenverlust
     1>Game.cpp(520): warning C4244: "Argument": Konvertierung von "__int64" in "int", möglicher Datenverlust
     1>Game.cpp(524): warning C4244: "Argument": Konvertierung von "__int64" in "int", möglicher Datenverlust
     1>Game.cpp(643): warning C4244: "return": Konvertierung von "const unsigned __int64" in "int", möglicher Datenverlust
         main.cpp
         Player.cpp
     1>Player.cpp(30): warning C4244: "Argument": Konvertierung von "float" in "int", möglicher Datenverlust
     1>Player.cpp(32): warning C4244: "Argument": Konvertierung von "float" in "int", möglicher Datenverlust
       Link:
         D:\VirsualStudio2015\VC\bin\link.exe /ERRORREPORT:PROMPT /OUT:"C:\Users\Oliver\Documents\Visual Studio 2015\Projects\C++\OLD stuff\DEFAULT Applications\2DMinecraft\Release\2DMinecraft.exe" /NOLOGO "sfml-main.lib" "sfml-window.lib" "sfml-graphics.lib" "sfml-system.lib" "sfml-audio.lib" Box2D.lib GESFML.lib kernel32.lib user32.lib gdi32.lib winspool.lib comdlg32.lib advapi32.lib shell32.lib ole32.lib oleaut32.lib uuid.lib odbc32.lib odbccp32.lib /MANIFEST /MANIFESTUAC:"level='asInvoker' uiAccess='false'" /manifest:embed /Debug /PDB:"C:\Users\Oliver\Documents\Visual Studio 2015\Projects\C++\OLD stuff\DEFAULT Applications\2DMinecraft\Release\2DMinecraft.pdb" /OPT:REF /OPT:ICF /LTCG:incremental /TLBID:1 /DYNAMICBASE /NXCOMPAT /IMPLIB:"C:\Users\Oliver\Documents\Visual Studio 2015\Projects\C++\OLD stuff\DEFAULT Applications\2DMinecraft\Release\2DMinecraft.lib" /MACHINE:X86 /SAFESEH Release\Block.obj
         Release\Chunk.obj
         Release\Game.obj
         Release\main.obj
         Release\Player.obj
         Code wird generiert.
         2042 of 2043 functions (100.0%) were compiled, the rest were copied from previous compilation.
           0 functions were new in current compilation
           0 functions had inline decision re-evaluated but remain unchanged
         Codegenerierung ist abgeschlossen.
         2DMinecraft.vcxproj -> C:\Users\Oliver\Documents\Visual Studio 2015\Projects\C++\OLD stuff\DEFAULT Applications\2DMinecraft\Release\2DMinecraft.exe
     1>Die Erstellung von Projekt "C:\Users\Oliver\Documents\Visual Studio 2015\Projects\C++\OLD stuff\DEFAULT Applications\2DMinecraft\2DMinecraft\2DMinecraft.vcxproj" ist abgeschlossen (Build Ziel(e)).

Der Buildvorgang wurde erfolgreich ausgeführt.

Verstrichene Zeit 00:00:04.74
