Der Buildvorgang wurde am 12.10.2016 16:17:25 gestartet.
     1>Projekt "C:\Users\Oliver\Documents\Visual Studio 2015\Projects\C++\OLD stuff\DEFAULT Applications\MakeDotInMiddle\MakeDotInMiddle\MakeDotInMiddle.vcxproj" auf Knoten "2", Build Ziel(e).
     1>ClCompile:
         D:\VirsualStudio2015\VC\bin\CL.exe /c /Zi /nologo /W3 /WX- /sdl /O2 /Oi /Oy- /GL /D WIN32 /D NDEBUG /D _CONSOLE /D _UNICODE /D UNICODE /Gm- /EHsc /MD /GS /Gy /fp:precise /Zc:wchar_t /Zc:forScope /Zc:inline /Yc"stdafx.h" /Fp"Release\MakeDotInMiddle.pch" /Fo"Release\\" /Fd"Release\vc140.pdb" /Gd /TP /analyze- /errorReport:prompt stdafx.cpp
         stdafx.cpp
         D:\VirsualStudio2015\VC\bin\CL.exe /c /Zi /nologo /W3 /WX- /sdl /O2 /Oi /Oy- /GL /D WIN32 /D NDEBUG /D _CONSOLE /D _UNICODE /D UNICODE /Gm- /EHsc /MD /GS /Gy /fp:precise /Zc:wchar_t /Zc:forScope /Zc:inline /Fo"Release\\" /Fd"Release\vc140.pdb" /Gd /TP /analyze- /errorReport:prompt Main.cpp
         Main.cpp
         D:\VirsualStudio2015\VC\bin\CL.exe /c /Zi /nologo /W3 /WX- /sdl /O2 /Oi /Oy- /GL /D WIN32 /D NDEBUG /D _CONSOLE /D _UNICODE /D UNICODE /Gm- /EHsc /MD /GS /Gy /fp:precise /Zc:wchar_t /Zc:forScope /Zc:inline /Fo"Release\\" /Fd"Release\vc140.pdb" /Gd /TC /analyze- /errorReport:prompt stb_image.c
         stb_image.c
       Link:
         D:\VirsualStudio2015\VC\bin\link.exe /ERRORREPORT:PROMPT /OUT:"C:\Users\Oliver\Documents\Visual Studio 2015\Projects\C++\OLD stuff\DEFAULT Applications\MakeDotInMiddle\Release\MakeDotInMiddle.exe" /INCREMENTAL:NO /NOLOGO kernel32.lib user32.lib gdi32.lib winspool.lib comdlg32.lib advapi32.lib shell32.lib ole32.lib oleaut32.lib uuid.lib odbc32.lib odbccp32.lib /MANIFEST /MANIFESTUAC:"level='asInvoker' uiAccess='false'" /manifest:embed /Debug /PDB:"C:\Users\Oliver\Documents\Visual Studio 2015\Projects\C++\OLD stuff\DEFAULT Applications\MakeDotInMiddle\Release\MakeDotInMiddle.pdb" /SUBSYSTEM:CONSOLE /OPT:REF /OPT:ICF /LTCG:incremental /TLBID:1 /DYNAMICBASE /NXCOMPAT /IMPLIB:"C:\Users\Oliver\Documents\Visual Studio 2015\Projects\C++\OLD stuff\DEFAULT Applications\MakeDotInMiddle\Release\MakeDotInMiddle.lib" /MACHINE:X86 /SAFESEH Release\Main.obj
         Release\stb_image.obj
         Release\stdafx.obj
         Code wird generiert.
         130 of 131 functions (99.2%) were compiled, the rest were copied from previous compilation.
           0 functions were new in current compilation
           0 functions had inline decision re-evaluated but remain unchanged
         Codegenerierung ist abgeschlossen.
         MakeDotInMiddle.vcxproj -> C:\Users\Oliver\Documents\Visual Studio 2015\Projects\C++\OLD stuff\DEFAULT Applications\MakeDotInMiddle\Release\MakeDotInMiddle.exe
     1>Die Erstellung von Projekt "C:\Users\Oliver\Documents\Visual Studio 2015\Projects\C++\OLD stuff\DEFAULT Applications\MakeDotInMiddle\MakeDotInMiddle\MakeDotInMiddle.vcxproj" ist abgeschlossen (Build Ziel(e)).

Der Buildvorgang wurde erfolgreich ausgeführt.

Verstrichene Zeit 00:00:01.61
