Der Buildvorgang wurde am 11.07.2016 21:52:08 gestartet.
     1>Projekt "C:\Users\Oliver\Documents\Visual Studio 2015\Projects\C++\2DWar Game\SFMLGameEngine2.0\SFMLGameEngine2.0.vcxproj" auf Knoten "2", Build Ziel(e).
     1>ClCompile:
         D:\VirsualStudio2015\VC\bin\x86_amd64\CL.exe /c /Zi /nologo /W3 /WX- /sdl /O2 /Oi /GL /D NDEBUG /D _LIB /D _UNICODE /D UNICODE /Gm- /EHsc /MD /GS /Gy /fp:precise /Zc:wchar_t /Zc:forScope /Zc:inline /Fo"x64\Release\\" /Fd"x64\Release\SFMLGameEngine2.0.pdb" /Gd /TP /errorReport:prompt Color.cpp ContactListener.cpp HelperFunctions.cpp InputManager.cpp SpriteBatch.cpp Vector2D.cpp VectorFunctions.cpp Window.cpp
         Color.cpp
     1>c:\users\oliver\documents\visual studio 2015\projects\c++\2dwar game\sfmlgameengine2.0\Color.h(2): fatal error C1083: Datei (Include) kann nicht geöffnet werden: "SFML\Graphics.hpp": No such file or directory
         ContactListener.cpp
     1>c:\users\oliver\documents\visual studio 2015\projects\c++\2dwar game\sfmlgameengine2.0\ContactListener.h(2): fatal error C1083: Datei (Include) kann nicht geöffnet werden: "Box2D\Box2D.h": No such file or directory
         HelperFunctions.cpp
     1>c:\users\oliver\documents\visual studio 2015\projects\c++\2dwar game\sfmlgameengine2.0\HelperFunctions.h(3): fatal error C1083: Datei (Include) kann nicht geöffnet werden: "SFML\Graphics.hpp": No such file or directory
         InputManager.cpp
     1>c:\users\oliver\documents\visual studio 2015\projects\c++\2dwar game\sfmlgameengine2.0\InputManager.h(3): fatal error C1083: Datei (Include) kann nicht geöffnet werden: "SFML\Graphics.hpp": No such file or directory
         SpriteBatch.cpp
     1>c:\users\oliver\documents\visual studio 2015\projects\c++\2dwar game\sfmlgameengine2.0\SpriteBatch.h(2): fatal error C1083: Datei (Include) kann nicht geöffnet werden: "SFML\Graphics.hpp": No such file or directory
         Vector2D.cpp
     1>c:\users\oliver\documents\visual studio 2015\projects\c++\2dwar game\sfmlgameengine2.0\Vector2D.h(2): fatal error C1083: Datei (Include) kann nicht geöffnet werden: "Box2D\Box2D.h": No such file or directory
         VectorFunctions.cpp
     1>c:\users\oliver\documents\visual studio 2015\projects\c++\2dwar game\sfmlgameengine2.0\VectorFunctions.h(2): fatal error C1083: Datei (Include) kann nicht geöffnet werden: "SFML\Graphics.hpp": No such file or directory
         Window.cpp
     1>c:\users\oliver\documents\visual studio 2015\projects\c++\2dwar game\sfmlgameengine2.0\Window.h(2): fatal error C1083: Datei (Include) kann nicht geöffnet werden: "SFML\Graphics.hpp": No such file or directory
     1>Die Erstellung des Projekts "C:\Users\Oliver\Documents\Visual Studio 2015\Projects\C++\2DWar Game\SFMLGameEngine2.0\SFMLGameEngine2.0.vcxproj" ist abgeschlossen, Build Ziel(e) -- FEHLER.

Fehler beim Buildvorgang.

Verstrichene Zeit 00:00:00.45
